# JRE version: Java(TM) SE Runtime Environment (8.0_151-b12) (build 1.8.0_151-b12)
# Java VM: Java HotSpot(TM) 64-Bit Server VM (25.151-b12 mixed mode windows-amd64 compressed oops)
Heap:
 PSYoungGen      total 217088K, used 35117K [0x00000000d5e00000, 0x00000000e4800000, 0x0000000100000000)
  eden space 201216K, 17% used [0x00000000d5e00000,0x00000000d804b4e0,0x00000000e2280000)
  from space 15872K, 0% used [0x00000000e3880000,0x00000000e3880000,0x00000000e4800000)
  to   space 17920K, 0% used [0x00000000e2500000,0x00000000e2500000,0x00000000e3680000)
 ParOldGen       total 129536K, used 25945K [0x0000000081a00000, 0x0000000089880000, 0x00000000d5e00000)
  object space 129536K, 20% used [0x0000000081a00000,0x0000000083356630,0x0000000089880000)
 Metaspace       used 58298K, capacity 62050K, committed 62296K, reserved 1103872K
  class space    used 8154K, capacity 8795K, committed 8832K, reserved 1048576K
GC Heap History (10 events):
Event: 4.474 GC heap before
{Heap before GC invocations=9 (full 1):
 PSYoungGen      total 140800K, used 50315K [0x00000000d5e00000, 0x00000000e1500000, 0x0000000100000000)
  eden space 131072K, 30% used [0x00000000d5e00000,0x00000000d85a4c38,0x00000000dde00000)
  from space 9728K, 99% used [0x00000000dde00000,0x00000000de77e180,0x00000000de780000)
  to   space 10752K, 0% used [0x00000000e0a80000,0x00000000e0a80000,0x00000000e1500000)
 ParOldGen       total 59392K, used 8483K [0x0000000081a00000, 0x0000000085400000, 0x00000000d5e00000)
  object space 59392K, 14% used [0x0000000081a00000,0x0000000082248ce0,0x0000000085400000)
 Metaspace       used 33203K, capacity 35382K, committed 35456K, reserved 1079296K
  class space    used 4575K, capacity 4976K, committed 4992K, reserved 1048576K
Event: 4.484 GC heap after
Heap after GC invocations=9 (full 1):
 PSYoungGen      total 175616K, used 10139K [0x00000000d5e00000, 0x00000000e4000000, 0x0000000100000000)
  eden space 164864K, 0% used [0x00000000d5e00000,0x00000000d5e00000,0x00000000dff00000)
  from space 10752K, 94% used [0x00000000e0a80000,0x00000000e1466c18,0x00000000e1500000)
  to   space 11776K, 0% used [0x00000000dff00000,0x00000000dff00000,0x00000000e0a80000)
 ParOldGen       total 59392K, used 8491K [0x0000000081a00000, 0x0000000085400000, 0x00000000d5e00000)
  object space 59392K, 14% used [0x0000000081a00000,0x000000008224ace0,0x0000000085400000)
 Metaspace       used 33203K, capacity 35382K, committed 35456K, reserved 1079296K
  class space    used 4575K, capacity 4976K, committed 4992K, reserved 1048576K
}
Event: 4.485 GC heap before
{Heap before GC invocations=10 (full 2):
 PSYoungGen      total 175616K, used 10139K [0x00000000d5e00000, 0x00000000e4000000, 0x0000000100000000)
  eden space 164864K, 0% used [0x00000000d5e00000,0x00000000d5e00000,0x00000000dff00000)
  from space 10752K, 94% used [0x00000000e0a80000,0x00000000e1466c18,0x00000000e1500000)
  to   space 11776K, 0% used [0x00000000dff00000,0x00000000dff00000,0x00000000e0a80000)
 ParOldGen       total 59392K, used 8491K [0x0000000081a00000, 0x0000000085400000, 0x00000000d5e00000)
  object space 59392K, 14% used [0x0000000081a00000,0x000000008224ace0,0x0000000085400000)
 Metaspace       used 33203K, capacity 35382K, committed 35456K, reserved 1079296K
  class space    used 4575K, capacity 4976K, committed 4992K, reserved 1048576K
Event: 4.562 GC heap after
Heap after GC invocations=10 (full 2):
 PSYoungGen      total 175616K, used 0K [0x00000000d5e00000, 0x00000000e4000000, 0x0000000100000000)
  eden space 164864K, 0% used [0x00000000d5e00000,0x00000000d5e00000,0x00000000dff00000)
  from space 10752K, 0% used [0x00000000e0a80000,0x00000000e0a80000,0x00000000e1500000)
  to   space 11776K, 0% used [0x00000000dff00000,0x00000000dff00000,0x00000000e0a80000)
 ParOldGen       total 91648K, used 15771K [0x0000000081a00000, 0x0000000087380000, 0x00000000d5e00000)
  object space 91648K, 17% used [0x0000000081a00000,0x0000000082966f98,0x0000000087380000)
 Metaspace       used 33203K, capacity 35382K, committed 35456K, reserved 1079296K
  class space    used 4575K, capacity 4976K, committed 4992K, reserved 1048576K
}
Event: 6.408 GC heap before
{Heap before GC invocations=11 (full 2):
 PSYoungGen      total 175616K, used 164864K [0x00000000d5e00000, 0x00000000e4000000, 0x0000000100000000)
  eden space 164864K, 100% used [0x00000000d5e00000,0x00000000dff00000,0x00000000dff00000)
  from space 10752K, 0% used [0x00000000e0a80000,0x00000000e0a80000,0x00000000e1500000)
  to   space 11776K, 0% used [0x00000000dff00000,0x00000000dff00000,0x00000000e0a80000)
 ParOldGen       total 91648K, used 15771K [0x0000000081a00000, 0x0000000087380000, 0x00000000d5e00000)
  object space 91648K, 17% used [0x0000000081a00000,0x0000000082966f98,0x0000000087380000)
 Metaspace       used 49097K, capacity 52282K, committed 52608K, reserved 1093632K
  class space    used 6870K, capacity 7428K, committed 7552K, reserved 1048576K
Event: 6.432 GC heap after
Heap after GC invocations=11 (full 2):
 PSYoungGen      total 176640K, used 11752K [0x00000000d5e00000, 0x00000000e4880000, 0x0000000100000000)
  eden space 164864K, 0% used [0x00000000d5e00000,0x00000000d5e00000,0x00000000dff00000)
  from space 11776K, 99% used [0x00000000dff00000,0x00000000e0a7a2c8,0x00000000e0a80000)
  to   space 16384K, 0% used [0x00000000e3880000,0x00000000e3880000,0x00000000e4880000)
 ParOldGen       total 91648K, used 24003K [0x0000000081a00000, 0x0000000087380000, 0x00000000d5e00000)
  object space 91648K, 26% used [0x0000000081a00000,0x0000000083170c78,0x0000000087380000)
 Metaspace       used 49097K, capacity 52282K, committed 52608K, reserved 1093632K
  class space    used 6870K, capacity 7428K, committed 7552K, reserved 1048576K
}
Event: 18.925 GC heap before
{Heap before GC invocations=12 (full 2):
 PSYoungGen      total 176640K, used 110244K [0x00000000d5e00000, 0x00000000e4880000, 0x0000000100000000)
  eden space 164864K, 59% used [0x00000000d5e00000,0x00000000dbe2f0d0,0x00000000dff00000)
  from space 11776K, 99% used [0x00000000dff00000,0x00000000e0a7a2c8,0x00000000e0a80000)
  to   space 16384K, 0% used [0x00000000e3880000,0x00000000e3880000,0x00000000e4880000)
 ParOldGen       total 91648K, used 24003K [0x0000000081a00000, 0x0000000087380000, 0x00000000d5e00000)
  object space 91648K, 26% used [0x0000000081a00000,0x0000000083170c78,0x0000000087380000)
 Metaspace       used 55433K, capacity 58982K, committed 59096K, reserved 1099776K
  class space    used 7783K, capacity 8393K, committed 8448K, reserved 1048576K
Event: 18.949 GC heap after
Heap after GC invocations=12 (full 2):
 PSYoungGen      total 217088K, used 15744K [0x00000000d5e00000, 0x00000000e4800000, 0x0000000100000000)
  eden space 201216K, 0% used [0x00000000d5e00000,0x00000000d5e00000,0x00000000e2280000)
  from space 15872K, 99% used [0x00000000e3880000,0x00000000e47e0350,0x00000000e4800000)
  to   space 17920K, 0% used [0x00000000e2500000,0x00000000e2500000,0x00000000e3680000)
 ParOldGen       total 91648K, used 24011K [0x0000000081a00000, 0x0000000087380000, 0x00000000d5e00000)
  object space 91648K, 26% used [0x0000000081a00000,0x0000000083172c78,0x0000000087380000)
 Metaspace       used 55433K, capacity 58982K, committed 59096K, reserved 1099776K
  class space    used 7783K, capacity 8393K, committed 8448K, reserved 1048576K
}
Event: 18.949 GC heap before
{Heap before GC invocations=13 (full 3):
 PSYoungGen      total 217088K, used 15744K [0x00000000d5e00000, 0x00000000e4800000, 0x0000000100000000)
  eden space 201216K, 0% used [0x00000000d5e00000,0x00000000d5e00000,0x00000000e2280000)
  from space 15872K, 99% used [0x00000000e3880000,0x00000000e47e0350,0x00000000e4800000)
  to   space 17920K, 0% used [0x00000000e2500000,0x00000000e2500000,0x00000000e3680000)
 ParOldGen       total 91648K, used 24011K [0x0000000081a00000, 0x0000000087380000, 0x00000000d5e00000)
  object space 91648K, 26% used [0x0000000081a00000,0x0000000083172c78,0x0000000087380000)
 Metaspace       used 55433K, capacity 58982K, committed 59096K, reserved 1099776K
  class space    used 7783K, capacity 8393K, committed 8448K, reserved 1048576K
Event: 19.118 GC heap after
Heap after GC invocations=13 (full 3):
 PSYoungGen      total 217088K, used 0K [0x00000000d5e00000, 0x00000000e4800000, 0x0000000100000000)
  eden space 201216K, 0% used [0x00000000d5e00000,0x00000000d5e00000,0x00000000e2280000)
  from space 15872K, 0% used [0x00000000e3880000,0x00000000e3880000,0x00000000e4800000)
  to   space 17920K, 0% used [0x00000000e2500000,0x00000000e2500000,0x00000000e3680000)
 ParOldGen       total 129536K, used 25945K [0x0000000081a00000, 0x0000000089880000, 0x00000000d5e00000)
  object space 129536K, 20% used [0x0000000081a00000,0x0000000083356630,0x0000000089880000)
 Metaspace       used 55433K, capacity 58982K, committed 59096K, reserved 1099776K
  class space    used 7783K, capacity 8393K, committed 8448K, reserved 1048576K
}

